C:\ECOSSSSSSS\LAB3(1)\ECO.LAB1\ASSEMBLYFILES\WINDOWS\VISUALSTUDIO_10\ECO.LAB1\DYNAMICDEBUG\VC100.PDB
C:\ECOSUCKERS\ECO.LAB1\ASSEMBLYFILES\WINDOWS\VISUALSTUDIO_10\ECO.LAB1\DYNAMICDEBUG\1F5DF16EE1BF43B999A434ED38FE8F3A.DLL.INTERMEDIATE.MANIFEST
C:\Ecosuckers\Eco.Lab1\AssemblyFiles\Windows\VisualStudio_10\Eco.Lab1\DynamicDebug\1F5DF16EE1BF43B999A434ED38FE8F3A.exp
C:\Ecosuckers\Eco.Lab1\AssemblyFiles\Windows\VisualStudio_10\Eco.Lab1\DynamicDebug\1F5DF16EE1BF43B999A434ED38FE8F3A.lib
C:\ECOSUCKERS\ECO.LAB1\ASSEMBLYFILES\WINDOWS\VISUALSTUDIO_10\ECO.LAB1\DYNAMICDEBUG\1F5DF16EE1BF43B999A434ED38FE8F3A.PDB
C:\ECOSUCKERS\ECO.LAB1\ASSEMBLYFILES\WINDOWS\VISUALSTUDIO_10\ECO.LAB1\DYNAMICDEBUG\CECOLAB1.OBJ
C:\ECOSUCKERS\ECO.LAB1\ASSEMBLYFILES\WINDOWS\VISUALSTUDIO_10\ECO.LAB1\DYNAMICDEBUG\CECOLAB1FACTORY.OBJ
C:\ECOSUCKERS\ECO.LAB1\ASSEMBLYFILES\WINDOWS\VISUALSTUDIO_10\ECO.LAB1\DYNAMICDEBUG\VC100.PDB
C:\ECOSUCKERS\ECO.LAB1\BUILDFILES\WINDOWS\X86\DYNAMICDEBUG\1F5DF16EE1BF43B999A434ED38FE8F3A.DLL
C:\ECOSUCKERS\ECO.LAB1\BUILDFILES\WINDOWS\X86\DYNAMICDEBUG\1F5DF16EE1BF43B999A434ED38FE8F3A.ILK
C:\ECOSUCKERS\LAB2\ECO.LAB1\ASSEMBLYFILES\WINDOWS\VISUALSTUDIO_10\ECO.LAB1\DYNAMICDEBUG\1F5DF16EE1BF43B999A434ED38FE8F3A.DLL.INTERMEDIATE.MANIFEST
C:\Ecosuckers\Lab2\Eco.Lab1\AssemblyFiles\Windows\VisualStudio_10\Eco.Lab1\DynamicDebug\1F5DF16EE1BF43B999A434ED38FE8F3A.exp
C:\Ecosuckers\Lab2\Eco.Lab1\AssemblyFiles\Windows\VisualStudio_10\Eco.Lab1\DynamicDebug\1F5DF16EE1BF43B999A434ED38FE8F3A.lib
C:\ECOSUCKERS\LAB2\ECO.LAB1\ASSEMBLYFILES\WINDOWS\VISUALSTUDIO_10\ECO.LAB1\DYNAMICDEBUG\1F5DF16EE1BF43B999A434ED38FE8F3A.PDB
C:\ECOSUCKERS\LAB2\ECO.LAB1\ASSEMBLYFILES\WINDOWS\VISUALSTUDIO_10\ECO.LAB1\DYNAMICDEBUG\CECOLAB1.OBJ
C:\ECOSUCKERS\LAB2\ECO.LAB1\ASSEMBLYFILES\WINDOWS\VISUALSTUDIO_10\ECO.LAB1\DYNAMICDEBUG\CECOLAB1FACTORY.OBJ
C:\ECOSUCKERS\LAB2\ECO.LAB1\ASSEMBLYFILES\WINDOWS\VISUALSTUDIO_10\ECO.LAB1\DYNAMICDEBUG\VC100.PDB
C:\ECOSUCKERS\LAB2\ECO.LAB1\BUILDFILES\WINDOWS\X86\DYNAMICDEBUG\1F5DF16EE1BF43B999A434ED38FE8F3A.DLL
C:\ECOSUCKERS\LAB2\ECO.LAB1\BUILDFILES\WINDOWS\X86\DYNAMICDEBUG\1F5DF16EE1BF43B999A434ED38FE8F3A.ILK
C:\ECOSUCKERS\LAB3(1)\ECO.LAB1\ASSEMBLYFILES\WINDOWS\VISUALSTUDIO_10\ECO.LAB1\DYNAMICDEBUG\1F5DF16EE1BF43B999A434ED38FE8F3A.DLL.INTERMEDIATE.MANIFEST
C:\Ecosuckers\Lab3(1)\Eco.Lab1\AssemblyFiles\Windows\VisualStudio_10\Eco.Lab1\DynamicDebug\1F5DF16EE1BF43B999A434ED38FE8F3A.exp
C:\Ecosuckers\Lab3(1)\Eco.Lab1\AssemblyFiles\Windows\VisualStudio_10\Eco.Lab1\DynamicDebug\1F5DF16EE1BF43B999A434ED38FE8F3A.lib
C:\ECOSUCKERS\LAB3(1)\ECO.LAB1\ASSEMBLYFILES\WINDOWS\VISUALSTUDIO_10\ECO.LAB1\DYNAMICDEBUG\1F5DF16EE1BF43B999A434ED38FE8F3A.PDB
C:\ECOSUCKERS\LAB3(1)\ECO.LAB1\ASSEMBLYFILES\WINDOWS\VISUALSTUDIO_10\ECO.LAB1\DYNAMICDEBUG\CECOLAB1.OBJ
C:\ECOSUCKERS\LAB3(1)\ECO.LAB1\ASSEMBLYFILES\WINDOWS\VISUALSTUDIO_10\ECO.LAB1\DYNAMICDEBUG\CECOLAB1CONNECTIONPOINT.OBJ
C:\ECOSUCKERS\LAB3(1)\ECO.LAB1\ASSEMBLYFILES\WINDOWS\VISUALSTUDIO_10\ECO.LAB1\DYNAMICDEBUG\CECOLAB1ENUMCONNECTIONPOINTS.OBJ
C:\ECOSUCKERS\LAB3(1)\ECO.LAB1\ASSEMBLYFILES\WINDOWS\VISUALSTUDIO_10\ECO.LAB1\DYNAMICDEBUG\CECOLAB1ENUMCONNECTIONS.OBJ
C:\ECOSUCKERS\LAB3(1)\ECO.LAB1\ASSEMBLYFILES\WINDOWS\VISUALSTUDIO_10\ECO.LAB1\DYNAMICDEBUG\CECOLAB1FACTORY.OBJ
C:\Ecosuckers\Lab3(1)\Eco.Lab1\AssemblyFiles\Windows\VisualStudio_10\Eco.Lab1\DynamicDebug\cl.command.1.tlog
C:\Ecosuckers\Lab3(1)\Eco.Lab1\AssemblyFiles\Windows\VisualStudio_10\Eco.Lab1\DynamicDebug\CL.read.1.tlog
C:\Ecosuckers\Lab3(1)\Eco.Lab1\AssemblyFiles\Windows\VisualStudio_10\Eco.Lab1\DynamicDebug\CL.write.1.tlog
C:\Ecosuckers\Lab3(1)\Eco.Lab1\AssemblyFiles\Windows\VisualStudio_10\Eco.Lab1\DynamicDebug\Eco.Lab1.vcxprojResolveAssemblyReference.cache
C:\Ecosuckers\Lab3(1)\Eco.Lab1\AssemblyFiles\Windows\VisualStudio_10\Eco.Lab1\DynamicDebug\Eco.Lab1.write.1.tlog
C:\Ecosuckers\Lab3(1)\Eco.Lab1\AssemblyFiles\Windows\VisualStudio_10\Eco.Lab1\DynamicDebug\link.command.1.tlog
C:\Ecosuckers\Lab3(1)\Eco.Lab1\AssemblyFiles\Windows\VisualStudio_10\Eco.Lab1\DynamicDebug\link.read.1.tlog
C:\Ecosuckers\Lab3(1)\Eco.Lab1\AssemblyFiles\Windows\VisualStudio_10\Eco.Lab1\DynamicDebug\link.write.1.tlog
C:\Ecosuckers\Lab3(1)\Eco.Lab1\AssemblyFiles\Windows\VisualStudio_10\Eco.Lab1\DynamicDebug\mt.command.1.tlog
C:\Ecosuckers\Lab3(1)\Eco.Lab1\AssemblyFiles\Windows\VisualStudio_10\Eco.Lab1\DynamicDebug\mt.read.1.tlog
C:\Ecosuckers\Lab3(1)\Eco.Lab1\AssemblyFiles\Windows\VisualStudio_10\Eco.Lab1\DynamicDebug\mt.write.1.tlog
C:\Ecosuckers\Lab3(1)\Eco.Lab1\AssemblyFiles\Windows\VisualStudio_10\Eco.Lab1\DynamicDebug\vc100.idb
C:\ECOSUCKERS\LAB3(1)\ECO.LAB1\ASSEMBLYFILES\WINDOWS\VISUALSTUDIO_10\ECO.LAB1\DYNAMICDEBUG\VC100.PDB
C:\ECOSUCKERS\LAB3(1)\ECO.LAB1\BUILDFILES\WINDOWS\X86\DYNAMICDEBUG\1F5DF16EE1BF43B999A434ED38FE8F3A.DLL
C:\ECOSUCKERS\LAB3(1)\ECO.LAB1\BUILDFILES\WINDOWS\X86\DYNAMICDEBUG\1F5DF16EE1BF43B999A434ED38FE8F3A.ILK
