Построение начато 23.11.2025 4:26:13.
     1>Проект "C:\Ecosuckers\Lab3(1)\Eco.Lab1\AssemblyFiles\Windows\VisualStudio_10\Eco.Lab1.vcxproj" в узле 2 (целевые объекты rebuild).
     1>_PrepareForClean:
         Файл "Eco.Lab1\DynamicDebug\Eco.Lab1.lastbuildstate" удаляется.
       InitializeBuildStatus:
         Обращение к "Eco.Lab1\DynamicDebug\Eco.Lab1.unsuccessfulbuild".
       ClCompile:
         C:\Program Files (x86)\Microsoft Visual Studio 10.0\VC\bin\CL.exe /c /I..\..\..\HeaderFiles /I..\..\..\SharedFiles /IC:\Ecosuckers\Ecocomp\Eco.Core1\SharedFiles /IC:\Ecosuckers\Ecocomp\Eco.InterfaceBus1\SharedFiles /IC:\Ecosuckers\Ecocomp\Eco.System1\SharedFiles /IC:\Ecosuckers\Ecocomp\Eco.MemoryManager1\SharedFiles /IC:\Ecosuckers\Ecocomp\Eco.FileSystemManagement1\SharedFiles /IC:\Ecosuckers\Ecocomp\Eco.List1\SharedFiles /I..\CalculatorHeaders /ZI /nologo /W3 /WX- /Od /Oy- /D WIN32 /D _DEBUG /D _WINDOWS /D ECO_WINDOWS /D ECO_X86_32 /D ECO_WIN32 /D ECO_X86_32 /D UGUID_UTILITY /D ECO_DLL /D _WINDLL /D _UNICODE /D UNICODE /Gm /EHsc /RTC1 /MTd /GS /fp:precise /Zc:wchar_t /Zc:forScope /Fo"Eco.Lab1\DynamicDebug\\" /Fd"Eco.Lab1\DynamicDebug\vc100.pdb" /Gz /TC /analyze- /errorReport:prompt ..\..\..\SourceFiles\CEcoLab1.c ..\..\..\SourceFiles\CEcoLab1ConnectionPoint.c ..\..\..\SourceFiles\CEcoLab1EnumConnectionPoints.c ..\..\..\SourceFiles\CEcoLab1EnumConnections.c ..\..\..\SourceFiles\CEcoLab1Factory.c
         CEcoLab1Factory.c
         CEcoLab1EnumConnections.c
         CEcoLab1EnumConnectionPoints.c
         CEcoLab1ConnectionPoint.c
         CEcoLab1.c
         Создание кода...
     1>C:\Program Files (x86)\MSBuild\Microsoft.Cpp\v4.0\Microsoft.CppBuild.targets(990,5): warning MSB8012: TargetPath(C:\Ecosuckers\Lab3(1)\Eco.Lab1\AssemblyFiles\Windows\VisualStudio_10\Eco.Lab1\DynamicDebug\1F5DF16EE1BF43B999A434ED38FE8F3A.dll) не соответствует значению свойства выходного файла (C:\Ecosuckers\Lab3(1)\Eco.Lab1\BuildFiles\Windows\x86\DynamicDebug\1F5DF16EE1BF43B999A434ED38FE8F3A.dll) для Linker. Это может привести к неправильному построению проекта. Чтобы исправить это, убедитесь, что значения свойств $(OutDir), $(TargetName) и $(TargetExt) соответствуют значению, указанному в %(Link.OutputFile).
       Link:
         C:\Program Files (x86)\Microsoft Visual Studio 10.0\VC\bin\link.exe /ERRORREPORT:PROMPT /OUT:"..\..\..\BuildFiles\Windows\x86\DynamicDebug\1F5DF16EE1BF43B999A434ED38FE8F3A.dll" /NOLOGO kernel32.lib user32.lib gdi32.lib winspool.lib comdlg32.lib advapi32.lib shell32.lib ole32.lib oleaut32.lib uuid.lib odbc32.lib odbccp32.lib /MANIFEST /ManifestFile:"Eco.Lab1\DynamicDebug\1F5DF16EE1BF43B999A434ED38FE8F3A.dll.intermediate.manifest" /MANIFESTUAC:"level='asInvoker' uiAccess='false'" /DEBUG /PDB:"C:\Ecosuckers\Lab3(1)\Eco.Lab1\AssemblyFiles\Windows\VisualStudio_10\Eco.Lab1\DynamicDebug\1F5DF16EE1BF43B999A434ED38FE8F3A.pdb" /SUBSYSTEM:WINDOWS /TLBID:1 /DYNAMICBASE /NXCOMPAT /IMPLIB:"C:\Ecosuckers\Lab3(1)\Eco.Lab1\AssemblyFiles\Windows\VisualStudio_10\Eco.Lab1\DynamicDebug\1F5DF16EE1BF43B999A434ED38FE8F3A.lib" /MACHINE:X86 /DLL Eco.Lab1\DynamicDebug\CEcoLab1.obj
         Eco.Lab1\DynamicDebug\CEcoLab1ConnectionPoint.obj
         Eco.Lab1\DynamicDebug\CEcoLab1EnumConnectionPoints.obj
         Eco.Lab1\DynamicDebug\CEcoLab1EnumConnections.obj
         Eco.Lab1\DynamicDebug\CEcoLab1Factory.obj
            Создается библиотека C:\Ecosuckers\Lab3(1)\Eco.Lab1\AssemblyFiles\Windows\VisualStudio_10\Eco.Lab1\DynamicDebug\1F5DF16EE1BF43B999A434ED38FE8F3A.lib и объект C:\Ecosuckers\Lab3(1)\Eco.Lab1\AssemblyFiles\Windows\VisualStudio_10\Eco.Lab1\DynamicDebug\1F5DF16EE1BF43B999A434ED38FE8F3A.exp
         Eco.Lab1.vcxproj -> C:\Ecosuckers\Lab3(1)\Eco.Lab1\AssemblyFiles\Windows\VisualStudio_10\Eco.Lab1\DynamicDebug\1F5DF16EE1BF43B999A434ED38FE8F3A.dll
       Manifest:
         C:\Program Files (x86)\Microsoft SDKs\Windows\v7.0A\bin\mt.exe /nologo /verbose /outputresource:"..\..\..\BuildFiles\Windows\x86\DynamicDebug\1F5DF16EE1BF43B999A434ED38FE8F3A.dll;#2" /manifest Eco.Lab1\DynamicDebug\1F5DF16EE1BF43B999A434ED38FE8F3A.dll.intermediate.manifest
       FinalizeBuildStatus:
         Файл "Eco.Lab1\DynamicDebug\Eco.Lab1.unsuccessfulbuild" удаляется.
         Обращение к "Eco.Lab1\DynamicDebug\Eco.Lab1.lastbuildstate".
     1>Построение проекта "C:\Ecosuckers\Lab3(1)\Eco.Lab1\AssemblyFiles\Windows\VisualStudio_10\Eco.Lab1.vcxproj" завершено (целевые объекты rebuild).

Построение успешно завершено.

Затраченное время: 00:00:00.80
